  Video: Jesus in the Himalayas： The Greatest Story Never Told [2U63TVKMgow].mp4
    Duration: 1539.204s, 25.0fps, 640x360
  Running FableCut shot analysis...
    Detected 92 shots, 91 cuts
  Extracting keyframes and running vision labeling...
    Labeled 10/92 shots
    Labeled 20/92 shots
    Labeled 30/92 shots
    Labeled 40/92 shots
    Labeled 50/92 shots
    Labeled 60/92 shots
    Labeled 70/92 shots
    Labeled 80/92 shots
    Labeled 90/92 shots
    Labeled 92/92 shots
  Analyzing motion and classifying shots...
  Transcribing audio via Cloudflare Whisper...
    262 transcript segments (CF Whisper)
  Aligning transcript with shots...
  Building output...
  Done: 92 shots analyzed
Saved analysis to /root/projects/blog/exemplars/gold-standards/jesus-himalayas-analysis.json
