============================================
 Platinum Factory Run Log
============================================
 Slug:      fresh-run-1784903346
 Essay:     scripts/expansion-essay33.md
 Started:   2026-07-24T14:29:06Z
 Controller: python3 factory/controllers/platinum_controller.py
 Stages:    13
============================================

>>> STAGE 0: Create Job
  Template files copied to content/publishing/renders/fresh-run-1784903346/v1
Created job 'fresh-run-1784903346'
  Stage: pack_setup
  Output: content/publishing/renders/fresh-run-1784903346/v1

Next: python3 /root/projects/blog/factory/controllers/platinum_controller.py advance --slug fresh-run-1784903346
Duration: 0s

>>> STAGE 1/13: pack_setup

============================================================
Stage: pack_setup
  Initialize pack directory with canonical template
  Attempt: 1/1
============================================================

  Calling Hermes...
  Running stage pack_setup via direct API call...
  ──────────────────────────────────────────────────
  ✓ Response received (843 chars)
  ──────────────────────────────────────────────────
  Hermes response: ```json
{
  "report_type": "pack_setup_verification",
  "slug": "fresh-run-1784903346",
  "template_path": "content/publishing/renders/fresh-run-1784903346/v1",
  "required_files": [
    "README.md",
...
  Validating outputs...

✓ Stage pack_setup PASSED
  Next stage: gold_study
  Next: python3 /root/projects/blog/factory/controllers/platinum_controller.py advance --slug fresh-run-1784903346
Duration: 22s

>>> STAGE 2/13: gold_study

============================================================
Stage: gold_study
  Study gold/platinum packs, extract signatures
  Attempt: 1/2
============================================================

  Calling Hermes...
  Running stage gold_study via direct API call...
  ──────────────────────────────────────────────────
  ✓ Response received (4013 chars)
  ──────────────────────────────────────────────────
  Hermes response: ```json
{
  "gold_signatures": [
    {
      "pack": "stones_are_watching_film_pack",
      "transferable_principles": [
        "Concrete, object-based motif naming grounds abstract concepts in tangi...
  Validating outputs...

✗ Stage gold_study FAILED validation:
  - Missing output: gold_signatures.json

Retries left: 1
Next: python3 /root/projects/blog/factory/controllers/platinum_controller.py retry --slug fresh-run-1784903346
Duration: 22s

>>> STAGE 3/13: rhetorical_map

============================================================
Stage: gold_study
  Study gold/platinum packs, extract signatures
  Attempt: 2/2
============================================================

  Calling Hermes...
  Running stage gold_study via direct API call...
  ──────────────────────────────────────────────────
  ✓ Response received (7781 chars)
  ──────────────────────────────────────────────────
  Hermes response: <dictionary>
{
  "gold_signatures": {
    "stones_analysis": {
      "transferable_principles": [
        "Concrete motif naming grounds abstract concepts in physical objects that carry across shots",...
  Validating outputs...

✗ Stage gold_study FAILED validation:
  - Missing output: gold_signatures.json

Retries left: 0
Duration: 17s

>>> STAGE 4/13: visual_thesis
✗ Max retries (2) exceeded for stage gold_study. Job failed.
Duration: 0s

>>> STAGE 5/13: motif_manufacturability
Job is already failed.
Duration: 0s

>>> STAGE 6/13: storyboard
Job is already failed.
Duration: 0s

>>> STAGE 7/13: storyboard_review
Job is already failed.
Duration: 0s

>>> STAGE 8/13: pack_composition
Job is already failed.
Duration: 0s

>>> STAGE 9/13: render_plan
Job is already failed.
Duration: 0s

>>> STAGE 10/13: code_review
Job is already failed.
Duration: 0s

>>> STAGE 11/13: draft_render
Job is already failed.
Duration: 0s

>>> STAGE 12/13: visual_qc
Job is already failed.
Duration: 0s

>>> STAGE 13/13: final_render
Job is already failed.
Duration: 0s

============================================
 Run Complete
 Finished:  2026-07-24T14:30:07Z
 Total time: 61s (1m 1s)
 Log:       factory/runs/fresh-run-1784903346-20260724-142906.log
 Output:    content/publishing/renders/fresh-run-1784903346/v1/
============================================
